{"/Users/jerwodke/School/udacity/udacity-cloud-developer--serverless-assessment/backend/src/dynamodb/utils/get-client.ts": {"path":"/Users/jerwodke/School/udacity/udacity-cloud-developer--serverless-assessment/backend/src/dynamodb/utils/get-client.ts","statementMap":{"0":{"start":{"line":1,"column":0},"end":{"line":1,"column":57}},"1":{"start":{"line":4,"column":2},"end":{"line":10,"column":null}},"2":{"start":{"line":5,"column":4},"end":{"line":5,"column":null}},"3":{"start":{"line":6,"column":4},"end":{"line":9,"column":null}},"4":{"start":{"line":12,"column":2},"end":{"line":12,"column":null}},"5":{"start":{"line":3,"column":0},"end":{"line":3,"column":16}}},"fnMap":{"0":{"name":"createDynamoDBClient","decl":{"start":{"line":3,"column":16},"end":{"line":3,"column":36}},"loc":{"start":{"line":3,"column":36},"end":{"line":13,"column":1}}}},"branchMap":{"0":{"loc":{"start":{"line":4,"column":2},"end":{"line":10,"column":null}},"type":"if","locations":[{"start":{"line":4,"column":2},"end":{"line":10,"column":null}},{"start":{"line":4,"column":2},"end":{"line":10,"column":null}}]}},"s":{"0":1,"1":2,"2":0,"3":0,"4":2,"5":1},"f":{"0":2},"b":{"0":[0,2]}}
,"/Users/jerwodke/School/udacity/udacity-cloud-developer--serverless-assessment/backend/src/todos/log-statements.ts": {"path":"/Users/jerwodke/School/udacity/udacity-cloud-developer--serverless-assessment/backend/src/todos/log-statements.ts","statementMap":{"0":{"start":{"line":1,"column":0},"end":{"line":22,"column":null}}},"fnMap":{},"branchMap":{},"s":{"0":1},"f":{},"b":{}}
,"/Users/jerwodke/School/udacity/udacity-cloud-developer--serverless-assessment/backend/src/todos/service.ts": {"path":"/Users/jerwodke/School/udacity/udacity-cloud-developer--serverless-assessment/backend/src/todos/service.ts","statementMap":{"0":{"start":{"line":2,"column":0},"end":{"line":2,"column":68}},"1":{"start":{"line":8,"column":34},"end":{"line":8,"column":56}},"2":{"start":{"line":9,"column":20},"end":{"line":9,"column":44}},"3":{"start":{"line":13,"column":21},"end":{"line":13,"column":46}},"4":{"start":{"line":14,"column":21},"end":{"line":14,"column":37}},"5":{"start":{"line":18,"column":19},"end":{"line":20,"column":16}},"6":{"start":{"line":22,"column":4},"end":{"line":22,"column":38}},"7":{"start":{"line":26,"column":4},"end":{"line":29,"column":17}},"8":{"start":{"line":31,"column":4},"end":{"line":31,"column":32}},"9":{"start":{"line":35,"column":4},"end":{"line":40,"column":17}},"10":{"start":{"line":42,"column":4},"end":{"line":42,"column":18}},"11":{"start":{"line":46,"column":19},"end":{"line":58,"column":16}},"12":{"start":{"line":60,"column":4},"end":{"line":60,"column":45}},"13":{"start":{"line":11,"column":0},"end":{"line":11,"column":21}}},"fnMap":{"0":{"name":"(anonymous_0)","decl":{"start":{"line":12,"column":2},"end":{"line":12,"column":null}},"loc":{"start":{"line":14,"column":48},"end":{"line":15,"column":6}}},"1":{"name":"(anonymous_1)","decl":{"start":{"line":17,"column":2},"end":{"line":17,"column":7}},"loc":{"start":{"line":17,"column":15},"end":{"line":23,"column":3}}},"2":{"name":"(anonymous_2)","decl":{"start":{"line":25,"column":2},"end":{"line":25,"column":7}},"loc":{"start":{"line":25,"column":42},"end":{"line":32,"column":3}}},"3":{"name":"(anonymous_3)","decl":{"start":{"line":34,"column":2},"end":{"line":34,"column":7}},"loc":{"start":{"line":34,"column":29},"end":{"line":43,"column":3}}},"4":{"name":"(anonymous_4)","decl":{"start":{"line":45,"column":2},"end":{"line":45,"column":7}},"loc":{"start":{"line":45,"column":94},"end":{"line":61,"column":3}}}},"branchMap":{"0":{"loc":{"start":{"line":13,"column":46},"end":{"line":13,"column":68}},"type":"default-arg","locations":[{"start":{"line":13,"column":46},"end":{"line":13,"column":68}}]},"1":{"loc":{"start":{"line":14,"column":37},"end":{"line":14,"column":48}},"type":"default-arg","locations":[{"start":{"line":14,"column":37},"end":{"line":14,"column":48}}]},"2":{"loc":{"start":{"line":45,"column":85},"end":{"line":45,"column":94}},"type":"default-arg","locations":[{"start":{"line":45,"column":85},"end":{"line":45,"column":94}}]}},"s":{"0":1,"1":1,"2":1,"3":1,"4":1,"5":0,"6":0,"7":0,"8":0,"9":0,"10":0,"11":0,"12":0,"13":1},"f":{"0":1,"1":0,"2":0,"3":0,"4":0},"b":{"0":[1],"1":[1],"2":[0]}}
,"/Users/jerwodke/School/udacity/udacity-cloud-developer--serverless-assessment/backend/src/todos/lambdas/create.ts": {"path":"/Users/jerwodke/School/udacity/udacity-cloud-developer--serverless-assessment/backend/src/todos/lambdas/create.ts","statementMap":{"0":{"start":{"line":3,"column":0},"end":{"line":3,"column":50}},"1":{"start":{"line":5,"column":0},"end":{"line":5,"column":37}},"2":{"start":{"line":6,"column":0},"end":{"line":6,"column":46}},"3":{"start":{"line":9,"column":15},"end":{"line":9,"column":54}},"4":{"start":{"line":10,"column":16},"end":{"line":10,"column":33}},"5":{"start":{"line":12,"column":13},"end":{"line":30,"column":null}},"6":{"start":{"line":13,"column":2},"end":{"line":29,"column":null}},"7":{"start":{"line":14,"column":39},"end":{"line":14,"column":61}},"8":{"start":{"line":15,"column":19},"end":{"line":15,"column":48}},"9":{"start":{"line":16,"column":4},"end":{"line":16,"column":55}},"10":{"start":{"line":18,"column":4},"end":{"line":21,"column":null}},"11":{"start":{"line":23,"column":4},"end":{"line":23,"column":51}},"12":{"start":{"line":25,"column":4},"end":{"line":28,"column":null}},"13":{"start":{"line":32,"column":13},"end":{"line":34,"column":null}},"14":{"start":{"line":33,"column":2},"end":{"line":33,"column":44}}},"fnMap":{"0":{"name":"(anonymous_0)","decl":{"start":{"line":12,"column":46},"end":{"line":12,"column":51}},"loc":{"start":{"line":12,"column":122},"end":{"line":30,"column":1}}},"1":{"name":"(anonymous_1)","decl":{"start":{"line":32,"column":47},"end":{"line":32,"column":52}},"loc":{"start":{"line":32,"column":117},"end":{"line":34,"column":1}}}},"branchMap":{},"s":{"0":1,"1":1,"2":1,"3":1,"4":1,"5":1,"6":2,"7":2,"8":2,"9":2,"10":2,"11":0,"12":0,"13":1,"14":0},"f":{"0":2,"1":0},"b":{}}
,"/Users/jerwodke/School/udacity/udacity-cloud-developer--serverless-assessment/backend/src/utils/logger.ts": {"path":"/Users/jerwodke/School/udacity/udacity-cloud-developer--serverless-assessment/backend/src/utils/logger.ts","statementMap":{"0":{"start":{"line":1,"column":0},"end":{"line":1,"column":34}},"1":{"start":{"line":9,"column":2},"end":{"line":16,"column":null}},"2":{"start":{"line":8,"column":0},"end":{"line":8,"column":16}}},"fnMap":{"0":{"name":"createLogger","decl":{"start":{"line":8,"column":16},"end":{"line":8,"column":28}},"loc":{"start":{"line":8,"column":47},"end":{"line":17,"column":1}}}},"branchMap":{},"s":{"0":1,"1":2,"2":1},"f":{"0":2},"b":{}}
}
