TN:
SF:src/dynamodb/utils/get-client.ts
FN:3,createDynamoDBClient
FNF:1
FNH:1
FNDA:2,createDynamoDBClient
DA:1,1
DA:3,1
DA:4,2
DA:5,0
DA:6,0
DA:12,2
LF:6
LH:4
BRDA:4,0,0,0
BRDA:4,0,1,2
BRF:2
BRH:1
end_of_record
TN:
SF:src/todos/log-statements.ts
FNF:0
FNH:0
DA:1,1
LF:1
LH:1
BRF:0
BRH:0
end_of_record
TN:
SF:src/todos/service.ts
FN:12,(anonymous_0)
FN:17,(anonymous_1)
FN:25,(anonymous_2)
FN:34,(anonymous_3)
FN:45,(anonymous_4)
FNF:5
FNH:1
FNDA:1,(anonymous_0)
FNDA:0,(anonymous_1)
FNDA:0,(anonymous_2)
FNDA:0,(anonymous_3)
FNDA:0,(anonymous_4)
DA:2,1
DA:8,1
DA:9,1
DA:11,1
DA:13,1
DA:14,1
DA:18,0
DA:22,0
DA:26,0
DA:31,0
DA:35,0
DA:42,0
DA:46,0
DA:60,0
LF:14
LH:6
BRDA:13,0,0,1
BRDA:14,1,0,1
BRDA:45,2,0,0
BRF:3
BRH:2
end_of_record
TN:
SF:src/todos/lambdas/create.ts
FN:12,(anonymous_0)
FN:32,(anonymous_1)
FNF:2
FNH:1
FNDA:2,(anonymous_0)
FNDA:0,(anonymous_1)
DA:3,1
DA:5,1
DA:6,1
DA:9,1
DA:10,1
DA:12,1
DA:13,2
DA:14,2
DA:15,2
DA:16,2
DA:18,2
DA:23,0
DA:25,0
DA:32,1
DA:33,0
LF:15
LH:12
BRF:0
BRH:0
end_of_record
TN:
SF:src/utils/logger.ts
FN:8,createLogger
FNF:1
FNH:1
FNDA:2,createLogger
DA:1,1
DA:8,1
DA:9,2
LF:3
LH:3
BRF:0
BRH:0
end_of_record
